Arguments: 
  C:\Program Files\nodejs\node.exe C:\Users\Pradyumna\AppData\Roaming\npm\node_modules\yarn\bin\yarn.js add jest

PATH: 
  C:\Program Files (x86)\Intel\iCLS Client\;C:\Program Files\Intel\iCLS Client\;C:\WINDOWS\system32;C:\WINDOWS;C:\WINDOWS\System32\Wbem;C:\WINDOWS\System32\WindowsPowerShell\v1.0\;C:\WINDOWS\System32\OpenSSH\;C:\Program Files (x86)\ATI Technologies\ATI.ACE\Core-Static;C:\Program Files\nodejs\;C:\Program Files\Git\cmd;C:\Program Files\Microsoft VS Code\bin;C:\Program Files (x86)\Intel\Intel(R) Management Engine Components\DAL;C:\Program Files\Intel\Intel(R) Management Engine Components\DAL;C:\Program Files (x86)\Intel\Intel(R) Management Engine Components\IPT;C:\Program Files\Intel\Intel(R) Management Engine Components\IPT;C:\Users\Pradyumna\AppData\Local\Microsoft\WindowsApps;C:\Users\Pradyumna\AppData\Roaming\npm

Yarn version: 
  1.22.5

Node version: 
  12.18.3

Platform: 
  win32 x64

Trace: 
  Error: EPERM: operation not permitted, copyfile 'C:\Users\Pradyumna\AppData\Local\Yarn\Cache\v6\npm-cliui-6.0.0-511d702c0c4e41ca156d7d0e96021f23e13225b1-integrity\node_modules\cliui\LICENSE.txt' -> 'C:\Users\Pradyumna\Desktop\all-in-one-number-converter\node_modules\cliui\LICENSE.txt'

npm manifest: 
  {
    "name": "all-in-one-number-converter",
    "version": "1.0.0",
    "description": "All Number Conversion at one place",
    "main": "index.js",
    "scripts": {
      "test": "test"
    },
    "repository": {
      "type": "git",
      "url": "git+https://github.com/IPradyumnaDebnath/all-in-one-number-converter.git"
    },
    "keywords": [
      "number",
      "numberconversion",
      "number",
      "convertor",
      "converter",
      "change",
      "base",
      "baseconversion",
      "roman",
      "roman",
      "number",
      "to",
      "roman"
    ],
    "author": "Pradyumna",
    "license": "MIT",
    "bugs": {
      "url": "https://github.com/IPradyumnaDebnath/all-in-one-number-converter/issues"
    },
    "homepage": "https://github.com/IPradyumnaDebnath/all-in-one-number-converter#readme"
    
  }

yarn manifest: 
  No manifest

Lockfile: 
  # THIS IS AN AUTOGENERATED FILE. DO NOT EDIT THIS FILE DIRECTLY.
  # yarn lockfile v1
